[debug] [2021-05-05T10:29:54.057Z] ----------------------------------------------------------------------
[debug] [2021-05-05T10:29:54.060Z] Command:       C:\Program Files\nodejs\node.exe C:\Users\vijay\AppData\Roaming\npm\node_modules\firebase-tools\lib\bin\firebase.js init
[debug] [2021-05-05T10:29:54.060Z] CLI Version:   9.10.0
[debug] [2021-05-05T10:29:54.060Z] Platform:      win32
[debug] [2021-05-05T10:29:54.060Z] Node Version:  v14.12.0
[debug] [2021-05-05T10:29:54.061Z] Time:          Wed May 05 2021 15:59:54 GMT+0530 (India Standard Time)
[debug] [2021-05-05T10:29:54.062Z] ----------------------------------------------------------------------
[debug] 
[debug] [2021-05-05T10:29:54.069Z] > command requires scopes: ["email","openid","https://www.googleapis.com/auth/cloudplatformprojects.readonly","https://www.googleapis.com/auth/firebase","https://www.googleapis.com/auth/cloud-platform"]
[debug] [2021-05-05T10:29:54.069Z] > authorizing via signed-in user (vijaymsd2504@gmail.com)
[info] 
     ######## #### ########  ######## ########     ###     ######  ########
     ##        ##  ##     ## ##       ##     ##  ##   ##  ##       ##
     ######    ##  ########  ######   ########  #########  ######  ######
     ##        ##  ##    ##  ##       ##     ## ##     ##       ## ##
     ##       #### ##     ## ######## ########  ##     ##  ######  ########

You're about to initialize a Firebase project in this directory:

  D:\studies\Projects\react\covid-19-tracker

[info] 
=== Project Setup
[info] 
[info] First, let's associate this project directory with a Firebase project.
[info] You can create multiple project aliases by running firebase use --add, 
[info] but for now we'll just set up a default project.
[info] 
[debug] [2021-05-05T10:30:10.027Z] > refreshing access token with scopes: []
[debug] [2021-05-05T10:30:10.028Z] >>> HTTP REQUEST POST https://www.googleapis.com/oauth2/v3/token  
 <request body omitted>
[debug] [2021-05-05T10:30:10.436Z] <<< HTTP RESPONSE 200 {"date":"Wed, 05 May 2021 10:30:14 GMT","cache-control":"no-cache, no-store, max-age=0, must-revalidate","expires":"Mon, 01 Jan 1990 00:00:00 GMT","pragma":"no-cache","content-type":"application/json; charset=utf-8","vary":"X-Origin, Referer, Origin,Accept-Encoding","server":"scaffolding on HTTPServer2","x-xss-protection":"0","x-frame-options":"SAMEORIGIN","x-content-type-options":"nosniff","alt-svc":"h3-29=\":443\"; ma=2592000,h3-T051=\":443\"; ma=2592000,h3-Q050=\":443\"; ma=2592000,h3-Q046=\":443\"; ma=2592000,h3-Q043=\":443\"; ma=2592000,quic=\":443\"; ma=2592000; v=\"46,43\"","accept-ranges":"none","transfer-encoding":"chunked"}
[debug] [2021-05-05T10:30:10.468Z] >>> [apiv2][query] GET https://firebase.googleapis.com/v1beta1/projects pageSize=100
[debug] [2021-05-05T10:30:11.315Z] <<< [apiv2][status] GET https://firebase.googleapis.com/v1beta1/projects 200
[debug] [2021-05-05T10:30:11.316Z] <<< [apiv2][body] GET https://firebase.googleapis.com/v1beta1/projects [omitted]
[info] i  Using project covid-19-tracker-b2387 (Covid 19 Tracker) 
[info] 
=== Hosting Setup
[info] 
[info] Your public directory is the folder (relative to your project directory) that
[info] will contain Hosting assets to be uploaded with firebase deploy. If you
[info] have a build process for your assets, use your build's output directory.
[info] 
[debug] [2021-05-05T10:30:51.353Z] >>> [apiv2][query] GET https://www.gstatic.com/firebasejs/releases.json [none]
[debug] [2021-05-05T10:30:51.664Z] <<< [apiv2][status] GET https://www.gstatic.com/firebasejs/releases.json 200
[debug] [2021-05-05T10:30:51.664Z] <<< [apiv2][body] GET https://www.gstatic.com/firebasejs/releases.json {"current":{"version":"8.4.3","browserURL":"https://www.gstatic.com/firebasejs/8.4.3/firebase.js","packageURL":"https://www.gstatic.com/firebasejs/8.4.3/firebase.tgz"},"live":{"version":"8.4","browserURL":"https://www.gstatic.com/firebasejs/live/8.4/firebase.js","packageURL":"https://www.gstatic.com/firebasejs/live/8.4/firebase.tgz"},"components":{"analytics":"https://www.gstatic.com/firebasejs/8.4.3/firebase-analytics.js","app":"https://www.gstatic.com/firebasejs/8.4.3/firebase-app.js","auth":"https://www.gstatic.com/firebasejs/8.4.3/firebase-auth.js","database":"https://www.gstatic.com/firebasejs/8.4.3/firebase-database.js","firestore":"https://www.gstatic.com/firebasejs/8.4.3/firebase-firestore.js","functions":"https://www.gstatic.com/firebasejs/8.4.3/firebase-functions.js","installations":"https://www.gstatic.com/firebasejs/8.4.3/firebase-installations.js","messaging":"https://www.gstatic.com/firebasejs/8.4.3/firebase-messaging.js","storage":"https://www.gstatic.com/firebasejs/8.4.3/firebase-storage.js","performance":"https://www.gstatic.com/firebasejs/8.4.3/firebase-performance.js","remote-config":"https://www.gstatic.com/firebasejs/8.4.3/firebase-remote-config.js","firestore.memory":"https://www.gstatic.com/firebasejs/8.4.3/firebase-firestore.memory.js"}}
[info] +  Wrote build/index.html 
[info] 
[info] i  Detected a .git folder at D:\studies\Projects\react\covid-19-tracker 
[info] i  Authorizing with GitHub to upload your service account to a GitHub repository's secrets store. 
[info] 
[info] Visit this URL on this device to log in:
[info] https://github.com/login/oauth/authorize?client_id=89cf50f02ac6aaed3484&state=843295864&redirect_uri=http%3A%2F%2Flocalhost%3A9005&scope=read%3Auser%20repo%20public_repo
[info] 
[info] Waiting for authentication...
[debug] [2021-05-05T10:30:52.816Z] >>> HTTP REQUEST POST https://github.com/login/oauth/access_token  
 {"client_id":"89cf50f02ac6aaed3484","client_secret":"3330d14abc895d9a74d5f17cd7a00711fa2c5bf0","code":"fbc58daef6ac7e93a577","redirect_uri":"http://localhost:9005","state":"843295864"}
[debug] [2021-05-05T10:30:53.489Z] <<< HTTP RESPONSE 200 {"server":"GitHub.com","date":"Wed, 05 May 2021 10:30:57 GMT","content-type":"application/json; charset=utf-8","transfer-encoding":"chunked","vary":"X-PJAX, Accept-Encoding, Accept, X-Requested-With","permissions-policy":"interest-cohort=()","etag":"W/\"a909d5da4ec8f0ea0139e6a25db9aa0f\"","cache-control":"max-age=0, private, must-revalidate","strict-transport-security":"max-age=31536000; includeSubdomains; preload","x-frame-options":"deny","x-content-type-options":"nosniff","x-xss-protection":"0","referrer-policy":"origin-when-cross-origin, strict-origin-when-cross-origin","expect-ct":"max-age=2592000, report-uri=\"https://api.github.com/_private/browser/errors\"","content-security-policy":"default-src 'none'; base-uri 'self'; block-all-mixed-content; connect-src 'self' uploads.github.com www.githubstatus.com collector.githubapp.com api.github.com github-cloud.s3.amazonaws.com github-production-repository-file-5c1aeb.s3.amazonaws.com github-production-upload-manifest-file-7fdce7.s3.amazonaws.com github-production-user-asset-6210df.s3.amazonaws.com cdn.optimizely.com logx.optimizely.com/v1/events wss://alive.github.com; font-src github.githubassets.com; form-action 'self' github.com gist.github.com; frame-ancestors 'none'; frame-src render.githubusercontent.com; img-src 'self' data: github.githubassets.com identicons.github.com collector.githubapp.com github-cloud.s3.amazonaws.com secured-user-images.githubusercontent.com/ *.githubusercontent.com; manifest-src 'self'; media-src 'none'; script-src github.githubassets.com; style-src 'unsafe-inline' github.githubassets.com; worker-src github.com/socket-worker-3f088aa2.js gist.github.com/socket-worker-3f088aa2.js","x-github-request-id":"F0BB:13F1:A8594:C0893:609273E1"}
[debug] [2021-05-05T10:30:53.497Z] >>> [apiv2][query] GET https://api.github.com/user [none]
[debug] [2021-05-05T10:30:54.104Z] <<< [apiv2][status] GET https://api.github.com/user 200
[debug] [2021-05-05T10:30:54.104Z] <<< [apiv2][body] GET https://api.github.com/user {"login":"vijai2504","id":60223354,"node_id":"MDQ6VXNlcjYwMjIzMzU0","avatar_url":"https://avatars.githubusercontent.com/u/60223354?v=4","gravatar_id":"","url":"https://api.github.com/users/vijai2504","html_url":"https://github.com/vijai2504","followers_url":"https://api.github.com/users/vijai2504/followers","following_url":"https://api.github.com/users/vijai2504/following{/other_user}","gists_url":"https://api.github.com/users/vijai2504/gists{/gist_id}","starred_url":"https://api.github.com/users/vijai2504/starred{/owner}{/repo}","subscriptions_url":"https://api.github.com/users/vijai2504/subscriptions","organizations_url":"https://api.github.com/users/vijai2504/orgs","repos_url":"https://api.github.com/users/vijai2504/repos","events_url":"https://api.github.com/users/vijai2504/events{/privacy}","received_events_url":"https://api.github.com/users/vijai2504/received_events","type":"User","site_admin":false,"name":"VIJAI K A","company":null,"blog":"","location":null,"email":null,"hireable":null,"bio":null,"twitter_username":null,"public_repos":11,"public_gists":0,"followers":0,"following":0,"created_at":"2020-01-23T13:33:54Z","updated_at":"2021-05-03T09:57:47Z","private_gists":0,"total_private_repos":0,"owned_private_repos":0,"disk_usage":30811,"collaborators":0,"two_factor_authentication":false,"plan":{"name":"free","space":976562499,"collaborators":0,"private_repos":10000}}
[info] 
[info] +  Success! Logged into GitHub as vijai2504 
[info] 
[debug] [2021-05-05T10:33:18.721Z] >>> [apiv2][query] GET https://api.github.com/repos/vijai2504/Covid-19_Tracker/actions/secrets/public-key type=owner
[debug] [2021-05-05T10:33:19.410Z] <<< [apiv2][status] GET https://api.github.com/repos/vijai2504/Covid-19_Tracker/actions/secrets/public-key 404
[debug] [2021-05-05T10:33:19.411Z] <<< [apiv2][body] GET https://api.github.com/repos/vijai2504/Covid-19_Tracker/actions/secrets/public-key {"message":"Not Found","documentation_url":"https://docs.github.com/rest/reference/actions#get-a-repository-public-key"}
[debug] [2021-05-05T10:33:59.182Z] ----------------------------------------------------------------------
[debug] [2021-05-05T10:33:59.187Z] Command:       C:\Program Files\nodejs\node.exe C:\Users\vijay\AppData\Roaming\npm\node_modules\firebase-tools\lib\bin\firebase.js init
[debug] [2021-05-05T10:33:59.187Z] CLI Version:   9.10.0
[debug] [2021-05-05T10:33:59.188Z] Platform:      win32
[debug] [2021-05-05T10:33:59.188Z] Node Version:  v14.12.0
[debug] [2021-05-05T10:33:59.190Z] Time:          Wed May 05 2021 16:03:59 GMT+0530 (India Standard Time)
[debug] [2021-05-05T10:33:59.191Z] ----------------------------------------------------------------------
[debug] 
[debug] [2021-05-05T10:33:59.205Z] > command requires scopes: ["email","openid","https://www.googleapis.com/auth/cloudplatformprojects.readonly","https://www.googleapis.com/auth/firebase","https://www.googleapis.com/auth/cloud-platform"]
[debug] [2021-05-05T10:33:59.206Z] > authorizing via signed-in user (vijaymsd2504@gmail.com)
[info] 
     ######## #### ########  ######## ########     ###     ######  ########
     ##        ##  ##     ## ##       ##     ##  ##   ##  ##       ##
     ######    ##  ########  ######   ########  #########  ######  ######
     ##        ##  ##    ##  ##       ##     ## ##     ##       ## ##
     ##       #### ##     ## ######## ########  ##     ##  ######  ########

You're about to initialize a Firebase project in this directory:

  D:\studies\Projects\react\covid-19-tracker

[info] 
=== Project Setup
[info] 
[info] First, let's associate this project directory with a Firebase project.
[info] You can create multiple project aliases by running firebase use --add, 
[info] but for now we'll just set up a default project.
[info] 
[debug] [2021-05-05T10:34:07.979Z] >>> [apiv2][query] GET https://firebase.googleapis.com/v1beta1/projects pageSize=100
[debug] [2021-05-05T10:34:29.094Z] Failed to make request to https://firebase.googleapis.com/v1beta1/projects?pageSize=100
[debug] [2021-05-05T10:34:29.368Z] FirebaseError: Failed to make request to https://firebase.googleapis.com/v1beta1/projects?pageSize=100
    at Client.doRequest (C:\Users\vijay\AppData\Roaming\npm\node_modules\firebase-tools\lib\apiv2.js:211:19)
    at processTicksAndRejections (internal/process/task_queues.js:93:5)
    at async Client.request (C:\Users\vijay\AppData\Roaming\npm\node_modules\firebase-tools\lib\apiv2.js:96:20)
    at async getProjectPage (C:\Users\vijay\AppData\Roaming\npm\node_modules\firebase-tools\lib\management\projects.js:233:17)
    at async getFirebaseProjectPage (C:\Users\vijay\AppData\Roaming\npm\node_modules\firebase-tools\lib\management\projects.js:250:23)
    at async selectProjectInteractively (C:\Users\vijay\AppData\Roaming\npm\node_modules\firebase-tools\lib\management\projects.js:95:41)
    at async Object.doSetup [as project] (C:\Users\vijay\AppData\Roaming\npm\node_modules\firebase-tools\lib\init\features\project.js:87:27)
    at async init (C:\Users\vijay\AppData\Roaming\npm\node_modules\firebase-tools\lib\init\index.js:19:9)
[error] 
[error] Error: Failed to list Firebase projects. See firebase-debug.log for more info.
